2021-05-10 11:48:11,400 [Worker-1: Loading available Gradle versions] INFO  o.e.b.c.i.u.g.PublishedGradleVersions - Gradle version information cache is up-to-date. Trying to read.
2021-05-10 11:55:57,930 [Worker-4: Loading available Gradle versions] INFO  o.e.b.c.i.u.g.PublishedGradleVersions - Gradle version information cache is up-to-date. Trying to read.
2021-05-10 12:00:36,265 [main] INFO  org.eclipse.jetty.util.log - Logging initialized @287746ms to org.eclipse.jetty.util.log.Slf4jLog
2021-05-10 12:00:36,314 [main] INFO  org.eclipse.jetty.server.Server - jetty-9.4.37.v20210219; built: 2021-02-23T06:49:41.320Z; git: 27afab2bd37780d179836e313e0fe11bc4fa0ce9; jvm 13.0.2+8
2021-05-10 12:00:36,331 [main] INFO  org.eclipse.jetty.server.session - DefaultSessionIdManager workerName=node0
2021-05-10 12:00:36,331 [main] INFO  org.eclipse.jetty.server.session - No SessionScavenger set, using defaults
2021-05-10 12:00:36,332 [main] INFO  org.eclipse.jetty.server.session - node0 Scavenging every 660000ms
2021-05-10 12:00:36,336 [main] INFO  o.e.j.server.handler.ContextHandler - Started o.e.j.s.ServletContextHandler@7408c08{/,null,AVAILABLE}
2021-05-10 12:00:36,450 [main] INFO  o.e.jetty.server.AbstractConnector - Started ServerConnector@541e8e40{HTTP/1.1, (http/1.1)}{localhost:54927}
2021-05-10 12:00:36,450 [main] INFO  org.eclipse.jetty.server.Server - Started @287932ms
2021-05-10 12:04:01,966 [main] INFO  o.e.jetty.server.AbstractConnector - Stopped ServerConnector@541e8e40{HTTP/1.1, (http/1.1)}{localhost:0}
2021-05-10 12:04:01,966 [main] INFO  org.eclipse.jetty.server.session - node0 Stopped scavenging
2021-05-10 12:04:01,967 [main] INFO  o.e.j.server.handler.ContextHandler - Stopped o.e.j.s.ServletContextHandler@7408c08{/,null,STOPPED}
2021-05-10 12:11:31,906 [main] INFO  org.eclipse.jetty.server.Server - jetty-9.4.37.v20210219; built: 2021-02-23T06:49:41.320Z; git: 27afab2bd37780d179836e313e0fe11bc4fa0ce9; jvm 13.0.2+8
2021-05-10 12:11:31,907 [main] INFO  org.eclipse.jetty.server.session - DefaultSessionIdManager workerName=node0
2021-05-10 12:11:31,907 [main] INFO  org.eclipse.jetty.server.session - No SessionScavenger set, using defaults
2021-05-10 12:11:31,908 [main] INFO  org.eclipse.jetty.server.session - node0 Scavenging every 660000ms
2021-05-10 12:11:31,908 [main] INFO  o.e.j.server.handler.ContextHandler - Started o.e.j.s.ServletContextHandler@75988194{/,null,AVAILABLE}
2021-05-10 12:11:31,912 [main] INFO  o.e.jetty.server.AbstractConnector - Started ServerConnector@38d463a3{HTTP/1.1, (http/1.1)}{localhost:55546}
2021-05-10 12:11:31,913 [main] INFO  org.eclipse.jetty.server.Server - Started @943396ms
2021-05-10 12:11:35,804 [main] INFO  o.e.jetty.server.AbstractConnector - Stopped ServerConnector@38d463a3{HTTP/1.1, (http/1.1)}{localhost:0}
2021-05-10 12:11:35,804 [main] INFO  org.eclipse.jetty.server.session - node0 Stopped scavenging
2021-05-10 12:11:35,805 [main] INFO  o.e.j.server.handler.ContextHandler - Stopped o.e.j.s.ServletContextHandler@75988194{/,null,STOPPED}
2021-05-10 12:32:58,701 [Worker-3: Loading available Gradle versions] INFO  o.e.b.c.i.u.g.PublishedGradleVersions - Gradle version information cache is up-to-date. Trying to read.
2021-05-10 12:43:42,623 [Worker-4: Loading available Gradle versions] INFO  o.e.b.c.i.u.g.PublishedGradleVersions - Gradle version information cache is up-to-date. Trying to read.
2021-05-10 12:46:51,808 [main] INFO  org.eclipse.jetty.util.log - Logging initialized @204049ms to org.eclipse.jetty.util.log.Slf4jLog
2021-05-10 12:46:51,856 [main] INFO  org.eclipse.jetty.server.Server - jetty-9.4.37.v20210219; built: 2021-02-23T06:49:41.320Z; git: 27afab2bd37780d179836e313e0fe11bc4fa0ce9; jvm 13.0.2+8
2021-05-10 12:46:51,873 [main] INFO  org.eclipse.jetty.server.session - DefaultSessionIdManager workerName=node0
2021-05-10 12:46:51,873 [main] INFO  org.eclipse.jetty.server.session - No SessionScavenger set, using defaults
2021-05-10 12:46:51,874 [main] INFO  org.eclipse.jetty.server.session - node0 Scavenging every 660000ms
2021-05-10 12:46:51,878 [main] INFO  o.e.j.server.handler.ContextHandler - Started o.e.j.s.ServletContextHandler@6707ab9{/,null,AVAILABLE}
2021-05-10 12:46:51,988 [main] INFO  o.e.jetty.server.AbstractConnector - Started ServerConnector@385d9880{HTTP/1.1, (http/1.1)}{localhost:57655}
2021-05-10 12:46:51,988 [main] INFO  org.eclipse.jetty.server.Server - Started @204231ms
2021-05-10 12:47:00,089 [main] INFO  o.e.jetty.server.AbstractConnector - Stopped ServerConnector@385d9880{HTTP/1.1, (http/1.1)}{localhost:0}
2021-05-10 12:47:00,089 [main] INFO  org.eclipse.jetty.server.session - node0 Stopped scavenging
2021-05-10 12:47:00,090 [main] INFO  o.e.j.server.handler.ContextHandler - Stopped o.e.j.s.ServletContextHandler@6707ab9{/,null,STOPPED}
2021-05-11 13:41:29,257 [Worker-7: Loading available Gradle versions] INFO  o.e.b.c.i.u.g.PublishedGradleVersions - Gradle version information cache is out-of-date. Trying to update.
2021-05-11 13:41:33,664 [main] INFO  org.eclipse.jetty.util.log - Logging initialized @55630ms to org.eclipse.jetty.util.log.Slf4jLog
2021-05-11 13:41:33,802 [main] INFO  org.eclipse.jetty.server.Server - jetty-9.4.37.v20210219; built: 2021-02-23T06:49:41.320Z; git: 27afab2bd37780d179836e313e0fe11bc4fa0ce9; jvm 13.0.2+8
2021-05-11 13:41:33,869 [main] INFO  org.eclipse.jetty.server.session - DefaultSessionIdManager workerName=node0
2021-05-11 13:41:33,869 [main] INFO  org.eclipse.jetty.server.session - No SessionScavenger set, using defaults
2021-05-11 13:41:33,870 [main] INFO  org.eclipse.jetty.server.session - node0 Scavenging every 600000ms
2021-05-11 13:41:33,876 [main] INFO  o.e.j.server.handler.ContextHandler - Started o.e.j.s.ServletContextHandler@6659e7f5{/,null,AVAILABLE}
2021-05-11 13:41:34,002 [main] INFO  o.e.jetty.server.AbstractConnector - Started ServerConnector@29ac632a{HTTP/1.1, (http/1.1)}{localhost:61656}
2021-05-11 13:41:34,002 [main] INFO  org.eclipse.jetty.server.Server - Started @55970ms
2021-05-11 13:41:41,369 [main] INFO  o.e.jetty.server.AbstractConnector - Stopped ServerConnector@29ac632a{HTTP/1.1, (http/1.1)}{localhost:0}
2021-05-11 13:41:41,370 [main] INFO  org.eclipse.jetty.server.session - node0 Stopped scavenging
2021-05-11 13:41:41,371 [main] INFO  o.e.j.server.handler.ContextHandler - Stopped o.e.j.s.ServletContextHandler@6659e7f5{/,null,STOPPED}
2021-05-11 13:43:40,694 [main] INFO  org.eclipse.jetty.server.Server - jetty-9.4.37.v20210219; built: 2021-02-23T06:49:41.320Z; git: 27afab2bd37780d179836e313e0fe11bc4fa0ce9; jvm 13.0.2+8
2021-05-11 13:43:40,696 [main] INFO  org.eclipse.jetty.server.session - DefaultSessionIdManager workerName=node0
2021-05-11 13:43:40,696 [main] INFO  org.eclipse.jetty.server.session - No SessionScavenger set, using defaults
2021-05-11 13:43:40,696 [main] INFO  org.eclipse.jetty.server.session - node0 Scavenging every 660000ms
2021-05-11 13:43:40,697 [main] INFO  o.e.j.server.handler.ContextHandler - Started o.e.j.s.ServletContextHandler@7315587f{/,null,AVAILABLE}
2021-05-11 13:43:40,702 [main] INFO  o.e.jetty.server.AbstractConnector - Started ServerConnector@6f4809ae{HTTP/1.1, (http/1.1)}{localhost:61818}
2021-05-11 13:43:40,702 [main] INFO  org.eclipse.jetty.server.Server - Started @182669ms
2021-05-11 14:18:18,422 [main] INFO  o.e.jetty.server.AbstractConnector - Stopped ServerConnector@6f4809ae{HTTP/1.1, (http/1.1)}{localhost:0}
2021-05-11 14:18:18,422 [main] INFO  org.eclipse.jetty.server.session - node0 Stopped scavenging
2021-05-11 14:18:18,422 [main] INFO  o.e.j.server.handler.ContextHandler - Stopped o.e.j.s.ServletContextHandler@7315587f{/,null,STOPPED}
2021-05-11 14:18:35,449 [Worker-1: Loading available Gradle versions] INFO  o.e.b.c.i.u.g.PublishedGradleVersions - Gradle version information cache is up-to-date. Trying to read.
2021-05-11 14:18:44,506 [main] INFO  org.eclipse.jetty.util.log - Logging initialized @18343ms to org.eclipse.jetty.util.log.Slf4jLog
2021-05-11 14:18:44,555 [main] INFO  org.eclipse.jetty.server.Server - jetty-9.4.37.v20210219; built: 2021-02-23T06:49:41.320Z; git: 27afab2bd37780d179836e313e0fe11bc4fa0ce9; jvm 13.0.2+8
2021-05-11 14:18:44,571 [main] INFO  org.eclipse.jetty.server.session - DefaultSessionIdManager workerName=node0
2021-05-11 14:18:44,572 [main] INFO  org.eclipse.jetty.server.session - No SessionScavenger set, using defaults
2021-05-11 14:18:44,572 [main] INFO  org.eclipse.jetty.server.session - node0 Scavenging every 660000ms
2021-05-11 14:18:44,577 [main] INFO  o.e.j.server.handler.ContextHandler - Started o.e.j.s.ServletContextHandler@bd074d7{/,null,AVAILABLE}
2021-05-11 14:18:44,685 [main] INFO  o.e.jetty.server.AbstractConnector - Started ServerConnector@f912cf3{HTTP/1.1, (http/1.1)}{localhost:64326}
2021-05-11 14:18:44,685 [main] INFO  org.eclipse.jetty.server.Server - Started @18524ms
2021-05-11 16:15:02,681 [main] INFO  o.e.jetty.server.AbstractConnector - Stopped ServerConnector@f912cf3{HTTP/1.1, (http/1.1)}{localhost:0}
2021-05-11 16:15:02,681 [main] INFO  org.eclipse.jetty.server.session - node0 Stopped scavenging
2021-05-11 16:15:02,683 [main] INFO  o.e.j.server.handler.ContextHandler - Stopped o.e.j.s.ServletContextHandler@bd074d7{/,null,STOPPED}
2021-05-12 20:24:11,808 [Worker-6: Loading available Gradle versions] INFO  o.e.b.c.i.u.g.PublishedGradleVersions - Gradle version information cache is out-of-date. Trying to update.
2021-05-12 20:24:22,126 [main] INFO  org.eclipse.jetty.util.log - Logging initialized @44032ms to org.eclipse.jetty.util.log.Slf4jLog
2021-05-12 20:24:22,300 [main] INFO  org.eclipse.jetty.server.Server - jetty-9.4.37.v20210219; built: 2021-02-23T06:49:41.320Z; git: 27afab2bd37780d179836e313e0fe11bc4fa0ce9; jvm 13.0.2+8
2021-05-12 20:24:22,330 [main] INFO  org.eclipse.jetty.server.session - DefaultSessionIdManager workerName=node0
2021-05-12 20:24:22,330 [main] INFO  org.eclipse.jetty.server.session - No SessionScavenger set, using defaults
2021-05-12 20:24:22,331 [main] INFO  org.eclipse.jetty.server.session - node0 Scavenging every 660000ms
2021-05-12 20:24:22,338 [main] INFO  o.e.j.server.handler.ContextHandler - Started o.e.j.s.ServletContextHandler@56e4f071{/,null,AVAILABLE}
2021-05-12 20:24:22,464 [main] INFO  o.e.jetty.server.AbstractConnector - Started ServerConnector@282919de{HTTP/1.1, (http/1.1)}{localhost:57958}
2021-05-12 20:24:22,465 [main] INFO  org.eclipse.jetty.server.Server - Started @44372ms
2021-05-12 20:24:25,559 [main] INFO  o.e.jetty.server.AbstractConnector - Stopped ServerConnector@282919de{HTTP/1.1, (http/1.1)}{localhost:0}
2021-05-12 20:24:25,560 [main] INFO  org.eclipse.jetty.server.session - node0 Stopped scavenging
2021-05-12 20:24:25,561 [main] INFO  o.e.j.server.handler.ContextHandler - Stopped o.e.j.s.ServletContextHandler@56e4f071{/,null,STOPPED}
2021-05-13 12:18:19,141 [Worker-4: Loading available Gradle versions] INFO  o.e.b.c.i.u.g.PublishedGradleVersions - Gradle version information cache is up-to-date. Trying to read.
2021-05-13 13:14:46,493 [main] INFO  org.eclipse.jetty.util.log - Logging initialized @3408369ms to org.eclipse.jetty.util.log.Slf4jLog
2021-05-13 13:14:46,604 [main] INFO  org.eclipse.jetty.server.Server - jetty-9.4.37.v20210219; built: 2021-02-23T06:49:41.320Z; git: 27afab2bd37780d179836e313e0fe11bc4fa0ce9; jvm 13.0.2+8
2021-05-13 13:14:46,628 [main] INFO  org.eclipse.jetty.server.session - DefaultSessionIdManager workerName=node0
2021-05-13 13:14:46,629 [main] INFO  org.eclipse.jetty.server.session - No SessionScavenger set, using defaults
2021-05-13 13:14:46,630 [main] INFO  org.eclipse.jetty.server.session - node0 Scavenging every 600000ms
2021-05-13 13:14:46,637 [main] INFO  o.e.j.server.handler.ContextHandler - Started o.e.j.s.ServletContextHandler@27c6d871{/,null,AVAILABLE}
2021-05-13 13:14:46,797 [main] INFO  o.e.jetty.server.AbstractConnector - Started ServerConnector@29869cf8{HTTP/1.1, (http/1.1)}{localhost:61890}
2021-05-13 13:14:46,797 [main] INFO  org.eclipse.jetty.server.Server - Started @3408674ms
2021-05-13 13:15:06,661 [main] INFO  o.e.jetty.server.AbstractConnector - Stopped ServerConnector@29869cf8{HTTP/1.1, (http/1.1)}{localhost:0}
2021-05-13 13:15:06,662 [main] INFO  org.eclipse.jetty.server.session - node0 Stopped scavenging
2021-05-13 13:15:06,663 [main] INFO  o.e.j.server.handler.ContextHandler - Stopped o.e.j.s.ServletContextHandler@27c6d871{/,null,STOPPED}
2021-05-14 09:32:10,514 [Worker-1: Loading available Gradle versions] INFO  o.e.b.c.i.u.g.PublishedGradleVersions - Gradle version information cache is out-of-date. Trying to update.
2021-05-14 09:34:32,790 [main] INFO  org.eclipse.jetty.util.log - Logging initialized @188751ms to org.eclipse.jetty.util.log.Slf4jLog
2021-05-14 09:34:32,892 [main] INFO  org.eclipse.jetty.server.Server - jetty-9.4.37.v20210219; built: 2021-02-23T06:49:41.320Z; git: 27afab2bd37780d179836e313e0fe11bc4fa0ce9; jvm 13.0.2+8
2021-05-14 09:34:32,922 [main] INFO  org.eclipse.jetty.server.session - DefaultSessionIdManager workerName=node0
2021-05-14 09:34:32,923 [main] INFO  org.eclipse.jetty.server.session - No SessionScavenger set, using defaults
2021-05-14 09:34:32,923 [main] INFO  org.eclipse.jetty.server.session - node0 Scavenging every 600000ms
2021-05-14 09:34:32,932 [main] INFO  o.e.j.server.handler.ContextHandler - Started o.e.j.s.ServletContextHandler@740639ba{/,null,AVAILABLE}
2021-05-14 09:34:33,077 [main] INFO  o.e.jetty.server.AbstractConnector - Started ServerConnector@28fc7156{HTTP/1.1, (http/1.1)}{localhost:52473}
2021-05-14 09:34:33,077 [main] INFO  org.eclipse.jetty.server.Server - Started @189039ms
2021-05-14 09:35:05,069 [main] INFO  o.e.jetty.server.AbstractConnector - Stopped ServerConnector@28fc7156{HTTP/1.1, (http/1.1)}{localhost:0}
2021-05-14 09:35:05,069 [main] INFO  org.eclipse.jetty.server.session - node0 Stopped scavenging
2021-05-14 09:35:05,070 [main] INFO  o.e.j.server.handler.ContextHandler - Stopped o.e.j.s.ServletContextHandler@740639ba{/,null,STOPPED}
2021-05-17 06:34:55,800 [Worker-0: Loading available Gradle versions] INFO  o.e.b.c.i.u.g.PublishedGradleVersions - Gradle version information cache is out-of-date. Trying to update.
2021-05-17 06:48:22,518 [main] INFO  org.eclipse.jetty.util.log - Logging initialized @845974ms to org.eclipse.jetty.util.log.Slf4jLog
2021-05-17 06:48:23,102 [main] INFO  org.eclipse.jetty.server.Server - jetty-9.4.37.v20210219; built: 2021-02-23T06:49:41.320Z; git: 27afab2bd37780d179836e313e0fe11bc4fa0ce9; jvm 13.0.2+8
2021-05-17 06:48:23,135 [main] INFO  org.eclipse.jetty.server.session - DefaultSessionIdManager workerName=node0
2021-05-17 06:48:23,135 [main] INFO  org.eclipse.jetty.server.session - No SessionScavenger set, using defaults
2021-05-17 06:48:23,136 [main] INFO  org.eclipse.jetty.server.session - node0 Scavenging every 660000ms
2021-05-17 06:48:23,143 [main] INFO  o.e.j.server.handler.ContextHandler - Started o.e.j.s.ServletContextHandler@489c57ed{/,null,AVAILABLE}
2021-05-17 06:48:23,270 [main] INFO  o.e.jetty.server.AbstractConnector - Started ServerConnector@4e6eb11d{HTTP/1.1, (http/1.1)}{localhost:54945}
2021-05-17 06:48:23,270 [main] INFO  org.eclipse.jetty.server.Server - Started @846727ms
2021-05-17 06:48:31,592 [main] INFO  o.e.jetty.server.AbstractConnector - Stopped ServerConnector@4e6eb11d{HTTP/1.1, (http/1.1)}{localhost:0}
2021-05-17 06:48:31,592 [main] INFO  org.eclipse.jetty.server.session - node0 Stopped scavenging
2021-05-17 06:48:31,593 [main] INFO  o.e.j.server.handler.ContextHandler - Stopped o.e.j.s.ServletContextHandler@489c57ed{/,null,STOPPED}
2021-05-17 07:03:46,105 [Worker-4: Loading available Gradle versions] INFO  o.e.b.c.i.u.g.PublishedGradleVersions - Gradle version information cache is up-to-date. Trying to read.
2021-05-17 07:04:00,409 [main] INFO  org.eclipse.jetty.util.log - Logging initialized @28671ms to org.eclipse.jetty.util.log.Slf4jLog
2021-05-17 07:04:00,456 [main] INFO  org.eclipse.jetty.server.Server - jetty-9.4.37.v20210219; built: 2021-02-23T06:49:41.320Z; git: 27afab2bd37780d179836e313e0fe11bc4fa0ce9; jvm 13.0.2+8
2021-05-17 07:04:00,473 [main] INFO  org.eclipse.jetty.server.session - DefaultSessionIdManager workerName=node0
2021-05-17 07:04:00,474 [main] INFO  org.eclipse.jetty.server.session - No SessionScavenger set, using defaults
2021-05-17 07:04:00,475 [main] INFO  org.eclipse.jetty.server.session - node0 Scavenging every 660000ms
2021-05-17 07:04:00,479 [main] INFO  o.e.j.server.handler.ContextHandler - Started o.e.j.s.ServletContextHandler@2a8ff32{/,null,AVAILABLE}
2021-05-17 07:04:00,603 [main] INFO  o.e.jetty.server.AbstractConnector - Started ServerConnector@cfa5b9f{HTTP/1.1, (http/1.1)}{localhost:56768}
2021-05-17 07:04:00,603 [main] INFO  org.eclipse.jetty.server.Server - Started @28866ms
2021-05-17 07:04:16,661 [main] INFO  o.e.jetty.server.AbstractConnector - Stopped ServerConnector@cfa5b9f{HTTP/1.1, (http/1.1)}{localhost:0}
2021-05-17 07:04:16,661 [main] INFO  org.eclipse.jetty.server.session - node0 Stopped scavenging
2021-05-17 07:04:16,662 [main] INFO  o.e.j.server.handler.ContextHandler - Stopped o.e.j.s.ServletContextHandler@2a8ff32{/,null,STOPPED}
2021-05-17 13:28:45,273 [Worker-4: Loading available Gradle versions] INFO  o.e.b.c.i.u.g.PublishedGradleVersions - Gradle version information cache is up-to-date. Trying to read.
2021-05-17 13:28:52,463 [main] INFO  org.eclipse.jetty.util.log - Logging initialized @18225ms to org.eclipse.jetty.util.log.Slf4jLog
2021-05-17 13:28:52,515 [main] INFO  org.eclipse.jetty.server.Server - jetty-9.4.37.v20210219; built: 2021-02-23T06:49:41.320Z; git: 27afab2bd37780d179836e313e0fe11bc4fa0ce9; jvm 13.0.2+8
2021-05-17 13:28:52,538 [main] INFO  org.eclipse.jetty.server.session - DefaultSessionIdManager workerName=node0
2021-05-17 13:28:52,538 [main] INFO  org.eclipse.jetty.server.session - No SessionScavenger set, using defaults
2021-05-17 13:28:52,539 [main] INFO  org.eclipse.jetty.server.session - node0 Scavenging every 600000ms
2021-05-17 13:28:52,545 [main] INFO  o.e.j.server.handler.ContextHandler - Started o.e.j.s.ServletContextHandler@6314b195{/,null,AVAILABLE}
2021-05-17 13:28:52,690 [main] INFO  o.e.jetty.server.AbstractConnector - Started ServerConnector@235babaf{HTTP/1.1, (http/1.1)}{localhost:60432}
2021-05-17 13:28:52,690 [main] INFO  org.eclipse.jetty.server.Server - Started @18453ms
2021-05-17 13:28:57,359 [main] INFO  o.e.jetty.server.AbstractConnector - Stopped ServerConnector@235babaf{HTTP/1.1, (http/1.1)}{localhost:0}
2021-05-17 13:28:57,360 [main] INFO  org.eclipse.jetty.server.session - node0 Stopped scavenging
2021-05-17 13:28:57,361 [main] INFO  o.e.j.server.handler.ContextHandler - Stopped o.e.j.s.ServletContextHandler@6314b195{/,null,STOPPED}
2021-05-18 05:44:59,807 [Worker-5: Loading available Gradle versions] INFO  o.e.b.c.i.u.g.PublishedGradleVersions - Gradle version information cache is up-to-date. Trying to read.
2021-05-18 05:55:13,456 [main] INFO  org.eclipse.jetty.util.log - Logging initialized @687169ms to org.eclipse.jetty.util.log.Slf4jLog
2021-05-18 05:55:13,542 [main] INFO  org.eclipse.jetty.server.Server - jetty-9.4.37.v20210219; built: 2021-02-23T06:49:41.320Z; git: 27afab2bd37780d179836e313e0fe11bc4fa0ce9; jvm 13.0.2+8
2021-05-18 05:55:13,564 [main] INFO  org.eclipse.jetty.server.session - DefaultSessionIdManager workerName=node0
2021-05-18 05:55:13,564 [main] INFO  org.eclipse.jetty.server.session - No SessionScavenger set, using defaults
2021-05-18 05:55:13,565 [main] INFO  org.eclipse.jetty.server.session - node0 Scavenging every 660000ms
2021-05-18 05:55:13,571 [main] INFO  o.e.j.server.handler.ContextHandler - Started o.e.j.s.ServletContextHandler@77dd1899{/,null,AVAILABLE}
2021-05-18 05:55:13,715 [main] INFO  o.e.jetty.server.AbstractConnector - Started ServerConnector@2f539c9b{HTTP/1.1, (http/1.1)}{localhost:52079}
2021-05-18 05:55:13,715 [main] INFO  org.eclipse.jetty.server.Server - Started @687429ms
2021-05-18 05:55:19,881 [main] INFO  o.e.jetty.server.AbstractConnector - Stopped ServerConnector@2f539c9b{HTTP/1.1, (http/1.1)}{localhost:0}
2021-05-18 05:55:19,881 [main] INFO  org.eclipse.jetty.server.session - node0 Stopped scavenging
2021-05-18 05:55:19,882 [main] INFO  o.e.j.server.handler.ContextHandler - Stopped o.e.j.s.ServletContextHandler@77dd1899{/,null,STOPPED}
2021-05-18 10:24:41,874 [Worker-4: Loading available Gradle versions] INFO  o.e.b.c.i.u.g.PublishedGradleVersions - Gradle version information cache is out-of-date. Trying to update.
2021-05-18 10:24:46,848 [main] INFO  org.eclipse.jetty.util.log - Logging initialized @15577ms to org.eclipse.jetty.util.log.Slf4jLog
2021-05-18 10:24:46,895 [main] INFO  org.eclipse.jetty.server.Server - jetty-9.4.37.v20210219; built: 2021-02-23T06:49:41.320Z; git: 27afab2bd37780d179836e313e0fe11bc4fa0ce9; jvm 13.0.2+8
2021-05-18 10:24:46,911 [main] INFO  org.eclipse.jetty.server.session - DefaultSessionIdManager workerName=node0
2021-05-18 10:24:46,911 [main] INFO  org.eclipse.jetty.server.session - No SessionScavenger set, using defaults
2021-05-18 10:24:46,912 [main] INFO  org.eclipse.jetty.server.session - node0 Scavenging every 660000ms
2021-05-18 10:24:46,916 [main] INFO  o.e.j.server.handler.ContextHandler - Started o.e.j.s.ServletContextHandler@2142754a{/,null,AVAILABLE}
2021-05-18 10:24:47,022 [main] INFO  o.e.jetty.server.AbstractConnector - Started ServerConnector@1f1d3207{HTTP/1.1, (http/1.1)}{localhost:56156}
2021-05-18 10:24:47,022 [main] INFO  org.eclipse.jetty.server.Server - Started @15752ms
2021-05-18 10:24:51,677 [main] INFO  o.e.jetty.server.AbstractConnector - Stopped ServerConnector@1f1d3207{HTTP/1.1, (http/1.1)}{localhost:0}
2021-05-18 10:24:51,677 [main] INFO  org.eclipse.jetty.server.session - node0 Stopped scavenging
2021-05-18 10:24:51,678 [main] INFO  o.e.j.server.handler.ContextHandler - Stopped o.e.j.s.ServletContextHandler@2142754a{/,null,STOPPED}
2021-05-19 09:47:10,782 [Worker-0: Loading available Gradle versions] INFO  o.e.b.c.i.u.g.PublishedGradleVersions - Gradle version information cache is out-of-date. Trying to update.
2021-05-19 09:47:45,948 [main] INFO  org.eclipse.jetty.util.log - Logging initialized @53825ms to org.eclipse.jetty.util.log.Slf4jLog
2021-05-19 09:47:45,997 [main] INFO  org.eclipse.jetty.server.Server - jetty-9.4.37.v20210219; built: 2021-02-23T06:49:41.320Z; git: 27afab2bd37780d179836e313e0fe11bc4fa0ce9; jvm 15.0.2+7-27
2021-05-19 09:47:46,014 [main] INFO  org.eclipse.jetty.server.session - DefaultSessionIdManager workerName=node0
2021-05-19 09:47:46,015 [main] INFO  org.eclipse.jetty.server.session - No SessionScavenger set, using defaults
2021-05-19 09:47:46,015 [main] INFO  org.eclipse.jetty.server.session - node0 Scavenging every 600000ms
2021-05-19 09:47:46,019 [main] INFO  o.e.j.server.handler.ContextHandler - Started o.e.j.s.ServletContextHandler@113d9226{/,null,AVAILABLE}
2021-05-19 09:47:46,037 [main] INFO  o.e.jetty.server.AbstractConnector - Started ServerConnector@41c02b8c{HTTP/1.1, (http/1.1)}{localhost:51775}
2021-05-19 09:47:46,037 [main] INFO  org.eclipse.jetty.server.Server - Started @53915ms
2021-05-19 09:47:49,586 [main] INFO  o.e.jetty.server.AbstractConnector - Stopped ServerConnector@41c02b8c{HTTP/1.1, (http/1.1)}{localhost:0}
2021-05-19 09:47:49,586 [main] INFO  org.eclipse.jetty.server.session - node0 Stopped scavenging
2021-05-19 09:47:49,587 [main] INFO  o.e.j.server.handler.ContextHandler - Stopped o.e.j.s.ServletContextHandler@113d9226{/,null,STOPPED}
2021-05-19 10:24:58,308 [Worker-16: Loading available Gradle versions] INFO  o.e.b.c.i.u.g.PublishedGradleVersions - Gradle version information cache is up-to-date. Trying to read.
2021-05-19 10:25:00,600 [main] INFO  org.eclipse.jetty.util.log - Logging initialized @17942ms to org.eclipse.jetty.util.log.Slf4jLog
2021-05-19 10:25:00,645 [main] INFO  org.eclipse.jetty.server.Server - jetty-9.4.37.v20210219; built: 2021-02-23T06:49:41.320Z; git: 27afab2bd37780d179836e313e0fe11bc4fa0ce9; jvm 15.0.2+7-27
2021-05-19 10:25:00,663 [main] INFO  org.eclipse.jetty.server.session - DefaultSessionIdManager workerName=node0
2021-05-19 10:25:00,664 [main] INFO  org.eclipse.jetty.server.session - No SessionScavenger set, using defaults
2021-05-19 10:25:00,664 [main] INFO  org.eclipse.jetty.server.session - node0 Scavenging every 660000ms
2021-05-19 10:25:00,669 [main] INFO  o.e.j.server.handler.ContextHandler - Started o.e.j.s.ServletContextHandler@47127c29{/,null,AVAILABLE}
2021-05-19 10:25:00,686 [main] INFO  o.e.jetty.server.AbstractConnector - Started ServerConnector@7144cd51{HTTP/1.1, (http/1.1)}{localhost:52416}
2021-05-19 10:25:00,687 [main] INFO  org.eclipse.jetty.server.Server - Started @18031ms
2021-05-19 10:25:07,902 [main] INFO  o.e.jetty.server.AbstractConnector - Stopped ServerConnector@7144cd51{HTTP/1.1, (http/1.1)}{localhost:0}
2021-05-19 10:25:07,902 [main] INFO  org.eclipse.jetty.server.session - node0 Stopped scavenging
2021-05-19 10:25:07,903 [main] INFO  o.e.j.server.handler.ContextHandler - Stopped o.e.j.s.ServletContextHandler@47127c29{/,null,STOPPED}
2021-05-19 11:28:05,757 [Worker-5: Loading available Gradle versions] INFO  o.e.b.c.i.u.g.PublishedGradleVersions - Gradle version information cache is up-to-date. Trying to read.
2021-05-19 11:28:13,458 [main] INFO  org.eclipse.jetty.util.log - Logging initialized @19591ms to org.eclipse.jetty.util.log.Slf4jLog
2021-05-19 11:28:13,518 [main] INFO  org.eclipse.jetty.server.Server - jetty-9.4.37.v20210219; built: 2021-02-23T06:49:41.320Z; git: 27afab2bd37780d179836e313e0fe11bc4fa0ce9; jvm 15.0.2+7-27
2021-05-19 11:28:13,540 [main] INFO  org.eclipse.jetty.server.session - DefaultSessionIdManager workerName=node0
2021-05-19 11:28:13,540 [main] INFO  org.eclipse.jetty.server.session - No SessionScavenger set, using defaults
2021-05-19 11:28:13,541 [main] INFO  org.eclipse.jetty.server.session - node0 Scavenging every 660000ms
2021-05-19 11:28:13,545 [main] INFO  o.e.j.server.handler.ContextHandler - Started o.e.j.s.ServletContextHandler@434e0136{/,null,AVAILABLE}
2021-05-19 11:28:13,561 [main] INFO  o.e.jetty.server.AbstractConnector - Started ServerConnector@4f944ff5{HTTP/1.1, (http/1.1)}{localhost:53056}
2021-05-19 11:28:13,562 [main] INFO  org.eclipse.jetty.server.Server - Started @19695ms
2021-05-19 11:28:18,436 [main] INFO  o.e.jetty.server.AbstractConnector - Stopped ServerConnector@4f944ff5{HTTP/1.1, (http/1.1)}{localhost:0}
2021-05-19 11:28:18,436 [main] INFO  org.eclipse.jetty.server.session - node0 Stopped scavenging
2021-05-19 11:28:18,437 [main] INFO  o.e.j.server.handler.ContextHandler - Stopped o.e.j.s.ServletContextHandler@434e0136{/,null,STOPPED}
2021-05-19 11:28:58,001 [Worker-4: Loading available Gradle versions] INFO  o.e.b.c.i.u.g.PublishedGradleVersions - Gradle version information cache is up-to-date. Trying to read.
2021-05-19 11:29:00,415 [main] INFO  org.eclipse.jetty.util.log - Logging initialized @12317ms to org.eclipse.jetty.util.log.Slf4jLog
2021-05-19 11:29:00,474 [main] INFO  org.eclipse.jetty.server.Server - jetty-9.4.37.v20210219; built: 2021-02-23T06:49:41.320Z; git: 27afab2bd37780d179836e313e0fe11bc4fa0ce9; jvm 15.0.2+7-27
2021-05-19 11:29:00,506 [main] INFO  org.eclipse.jetty.server.session - DefaultSessionIdManager workerName=node0
2021-05-19 11:29:00,506 [main] INFO  org.eclipse.jetty.server.session - No SessionScavenger set, using defaults
2021-05-19 11:29:00,507 [main] INFO  org.eclipse.jetty.server.session - node0 Scavenging every 660000ms
2021-05-19 11:29:00,512 [main] INFO  o.e.j.server.handler.ContextHandler - Started o.e.j.s.ServletContextHandler@687e94f2{/,null,AVAILABLE}
2021-05-19 11:29:00,536 [main] INFO  o.e.jetty.server.AbstractConnector - Started ServerConnector@305f321f{HTTP/1.1, (http/1.1)}{localhost:53097}
2021-05-19 11:29:00,537 [main] INFO  org.eclipse.jetty.server.Server - Started @12441ms
2021-05-19 11:29:06,380 [main] INFO  o.e.jetty.server.AbstractConnector - Stopped ServerConnector@305f321f{HTTP/1.1, (http/1.1)}{localhost:0}
2021-05-19 11:29:06,380 [main] INFO  org.eclipse.jetty.server.session - node0 Stopped scavenging
2021-05-19 11:29:06,381 [main] INFO  o.e.j.server.handler.ContextHandler - Stopped o.e.j.s.ServletContextHandler@687e94f2{/,null,STOPPED}
2021-05-19 11:34:17,685 [Worker-4: Loading available Gradle versions] INFO  o.e.b.c.i.u.g.PublishedGradleVersions - Gradle version information cache is up-to-date. Trying to read.
2021-05-19 11:34:29,030 [main] INFO  org.eclipse.jetty.util.log - Logging initialized @19994ms to org.eclipse.jetty.util.log.Slf4jLog
2021-05-19 11:34:29,087 [main] INFO  org.eclipse.jetty.server.Server - jetty-9.4.37.v20210219; built: 2021-02-23T06:49:41.320Z; git: 27afab2bd37780d179836e313e0fe11bc4fa0ce9; jvm 15.0.2+7-27
2021-05-19 11:34:29,107 [main] INFO  org.eclipse.jetty.server.session - DefaultSessionIdManager workerName=node0
2021-05-19 11:34:29,107 [main] INFO  org.eclipse.jetty.server.session - No SessionScavenger set, using defaults
2021-05-19 11:34:29,108 [main] INFO  org.eclipse.jetty.server.session - node0 Scavenging every 600000ms
2021-05-19 11:34:29,112 [main] INFO  o.e.j.server.handler.ContextHandler - Started o.e.j.s.ServletContextHandler@cd68b88{/,null,AVAILABLE}
2021-05-19 11:34:29,135 [main] INFO  o.e.jetty.server.AbstractConnector - Started ServerConnector@393db9fa{HTTP/1.1, (http/1.1)}{localhost:53166}
2021-05-19 11:34:29,136 [main] INFO  org.eclipse.jetty.server.Server - Started @20101ms
2021-05-19 11:34:33,159 [main] INFO  o.e.jetty.server.AbstractConnector - Stopped ServerConnector@393db9fa{HTTP/1.1, (http/1.1)}{localhost:0}
2021-05-19 11:34:33,159 [main] INFO  org.eclipse.jetty.server.session - node0 Stopped scavenging
2021-05-19 11:34:33,160 [main] INFO  o.e.j.server.handler.ContextHandler - Stopped o.e.j.s.ServletContextHandler@cd68b88{/,null,STOPPED}
